<?xml version="1.0" encoding="UTF-8"?>
<coverage generated="1754934200850" clover="3.2.0">
  <project timestamp="1754934200851" name="All files">
    <metrics statements="46" coveredstatements="17" conditionals="10" coveredconditionals="0" methods="13" coveredmethods="3" elements="69" coveredelements="20" complexity="0" loc="46" ncloc="46" packages="5" files="5" classes="5"/>
    <package name="app">
      <metrics statements="1" coveredstatements="1" conditionals="0" coveredconditionals="0" methods="1" coveredmethods="1"/>
      <file name="page.tsx" path="C:\Users\yedid\Desktop\grant-platform\frontend\src\app\page.tsx">
        <metrics statements="1" coveredstatements="1" conditionals="0" coveredconditionals="0" methods="1" coveredmethods="1"/>
        <line num="1" count="1" type="stmt"/>
      </file>
    </package>
    <package name="app.login">
      <metrics statements="15" coveredstatements="9" conditionals="0" coveredconditionals="0" methods="4" coveredmethods="1"/>
      <file name="page.tsx" path="C:\Users\yedid\Desktop\grant-platform\frontend\src\app\login\page.tsx">
        <metrics statements="15" coveredstatements="9" conditionals="0" coveredconditionals="0" methods="4" coveredmethods="1"/>
        <line num="2" count="1" type="stmt"/>
        <line num="3" count="1" type="stmt"/>
        <line num="4" count="1" type="stmt"/>
        <line num="5" count="1" type="stmt"/>
        <line num="7" count="1" type="stmt"/>
        <line num="8" count="5" type="stmt"/>
        <line num="9" count="4" type="stmt"/>
        <line num="10" count="4" type="stmt"/>
        <line num="11" count="4" type="stmt"/>
        <line num="13" count="0" type="stmt"/>
        <line num="14" count="0" type="stmt"/>
        <line num="15" count="0" type="stmt"/>
        <line num="16" count="0" type="stmt"/>
        <line num="28" count="0" type="stmt"/>
        <line num="35" count="0" type="stmt"/>
      </file>
    </package>
    <package name="components">
      <metrics statements="1" coveredstatements="0" conditionals="6" coveredconditionals="0" methods="1" coveredmethods="0"/>
      <file name="FormInput.tsx" path="C:\Users\yedid\Desktop\grant-platform\frontend\src\components\FormInput.tsx">
        <metrics statements="1" coveredstatements="0" conditionals="6" coveredconditionals="0" methods="1" coveredmethods="0"/>
        <line num="11" count="0" type="stmt"/>
      </file>
    </package>
    <package name="hooks">
      <metrics statements="20" coveredstatements="3" conditionals="0" coveredconditionals="0" methods="5" coveredmethods="1"/>
      <file name="useAuth.ts" path="C:\Users\yedid\Desktop\grant-platform\frontend\src\hooks\useAuth.ts">
        <metrics statements="20" coveredstatements="3" conditionals="0" coveredconditionals="0" methods="5" coveredmethods="1"/>
        <line num="1" count="1" type="stmt"/>
        <line num="2" count="1" type="stmt"/>
        <line num="13" count="4" type="stmt"/>
        <line num="18" count="0" type="stmt"/>
        <line num="19" count="0" type="stmt"/>
        <line num="20" count="0" type="stmt"/>
        <line num="21" count="0" type="stmt"/>
        <line num="22" count="0" type="stmt"/>
        <line num="26" count="0" type="stmt"/>
        <line num="27" count="0" type="stmt"/>
        <line num="28" count="0" type="stmt"/>
        <line num="29" count="0" type="stmt"/>
        <line num="30" count="0" type="stmt"/>
        <line num="34" count="0" type="stmt"/>
        <line num="35" count="0" type="stmt"/>
        <line num="39" count="0" type="stmt"/>
        <line num="40" count="0" type="stmt"/>
        <line num="41" count="0" type="stmt"/>
        <line num="43" count="0" type="stmt"/>
        <line num="44" count="0" type="stmt"/>
      </file>
    </package>
    <package name="lib">
      <metrics statements="9" coveredstatements="4" conditionals="4" coveredconditionals="0" methods="2" coveredmethods="0"/>
      <file name="api.ts" path="C:\Users\yedid\Desktop\grant-platform\frontend\src\lib\api.ts">
        <metrics statements="9" coveredstatements="4" conditionals="4" coveredconditionals="0" methods="2" coveredmethods="0"/>
        <line num="1" count="1" type="stmt"/>
        <line num="3" count="1" type="stmt"/>
        <line num="8" count="1" type="stmt"/>
        <line num="9" count="0" type="cond" truecount="0" falsecount="1"/>
        <line num="10" count="0" type="stmt"/>
        <line num="11" count="0" type="cond" truecount="0" falsecount="3"/>
        <line num="12" count="0" type="stmt"/>
        <line num="15" count="0" type="stmt"/>
        <line num="18" count="1" type="stmt"/>
      </file>
    </package>
  </project>
</coverage>
