TN:
SF:src\app\page.tsx
FN:1,Home
FNF:1
FNH:1
FNDA:1,Home
DA:1,1
LF:1
LH:1
BRF:0
BRH:0
end_of_record
TN:
SF:src\app\login\page.tsx
FN:7,Login
FN:13,(anonymous_3)
FN:28,(anonymous_4)
FN:35,(anonymous_5)
FNF:4
FNH:1
FNDA:5,Login
FNDA:0,(anonymous_3)
FNDA:0,(anonymous_4)
FNDA:0,(anonymous_5)
DA:2,1
DA:3,1
DA:4,1
DA:5,1
DA:7,1
DA:8,5
DA:9,4
DA:10,4
DA:11,4
DA:13,0
DA:14,0
DA:15,0
DA:16,0
DA:28,0
DA:35,0
LF:15
LH:9
BRF:0
BRH:0
end_of_record
TN:
SF:src\components\FormInput.tsx
FN:11,FormInput
FNF:1
FNH:0
FNDA:0,FormInput
DA:11,0
LF:1
LH:0
BRDA:16,0,0,0
BRDA:24,1,0,0
BRDA:24,1,1,0
BRDA:26,2,0,0
BRDA:27,3,0,0
BRDA:27,3,1,0
BRF:6
BRH:0
end_of_record
TN:
SF:src\hooks\useAuth.ts
FN:13,(anonymous_2)
FN:17,(anonymous_3)
FN:25,(anonymous_4)
FN:33,(anonymous_5)
FN:38,(anonymous_6)
FNF:5
FNH:1
FNDA:1,(anonymous_2)
FNDA:0,(anonymous_3)
FNDA:0,(anonymous_4)
FNDA:0,(anonymous_5)
FNDA:0,(anonymous_6)
DA:1,1
DA:2,1
DA:13,4
DA:18,0
DA:19,0
DA:20,0
DA:21,0
DA:22,0
DA:26,0
DA:27,0
DA:28,0
DA:29,0
DA:30,0
DA:34,0
DA:35,0
DA:39,0
DA:40,0
DA:41,0
DA:43,0
DA:44,0
LF:20
LH:3
BRF:0
BRH:0
end_of_record
TN:
SF:src\lib\api.ts
FN:8,(anonymous_2)
FN:10,(anonymous_3)
FNF:2
FNH:0
FNDA:0,(anonymous_2)
FNDA:0,(anonymous_3)
DA:1,1
DA:3,1
DA:8,1
DA:9,0
DA:10,0
DA:11,0
DA:12,0
DA:15,0
DA:18,1
LF:9
LH:4
BRDA:9,0,0,0
BRDA:11,1,0,0
BRDA:11,2,0,0
BRDA:11,2,1,0
BRF:4
BRH:0
end_of_record
